# JRE version: Java(TM) SE Runtime Environment (8.0_172-b11) (build 1.8.0_172-b11)
# Java VM: Java HotSpot(TM) 64-Bit Server VM (25.172-b11 mixed mode windows-amd64 compressed oops)
Heap:
 PSYoungGen      total 54784K, used 15006K [0x00000007bc000000, 0x00000007c0000000, 0x00000007c0000000)
  eden space 45056K, 31% used [0x00000007bc000000,0x00000007bcdd9848,0x00000007bec00000)
  from space 9728K, 8% used [0x00000007bf680000,0x00000007bf74e200,0x00000007c0000000)
  to   space 10240K, 0% used [0x00000007bec00000,0x00000007bec00000,0x00000007bf600000)
 ParOldGen       total 458752K, used 18869K [0x0000000455000000, 0x0000000471000000, 0x00000007bc000000)
  object space 458752K, 4% used [0x0000000455000000,0x000000045626d470,0x0000000471000000)
 Metaspace       used 26600K, capacity 26865K, committed 27264K, reserved 1073152K
  class space    used 3258K, capacity 3372K, committed 3456K, reserved 1048576K
GC Heap History (10 events):
Event: 4.876 GC heap before
{Heap before GC invocations=25 (full 1):
 PSYoungGen      total 55296K, used 52936K [0x00000007bc000000, 0x00000007c0000000, 0x00000007c0000000)
  eden space 45568K, 100% used [0x00000007bc000000,0x00000007bec80000,0x00000007bec80000)
  from space 9728K, 75% used [0x00000007bec80000,0x00000007bf3b2040,0x00000007bf600000)
  to   space 9728K, 0% used [0x00000007bf680000,0x00000007bf680000,0x00000007c0000000)
 ParOldGen       total 458752K, used 17149K [0x0000000455000000, 0x0000000471000000, 0x00000007bc000000)
  object space 458752K, 3% used [0x0000000455000000,0x00000004560bf790,0x0000000471000000)
 Metaspace       used 24480K, capacity 24677K, committed 24960K, reserved 1071104K
  class space    used 3038K, capacity 3114K, committed 3200K, reserved 1048576K
Event: 4.879 GC heap after
Heap after GC invocations=25 (full 1):
 PSYoungGen      total 55808K, used 6028K [0x00000007bc000000, 0x00000007c0000000, 0x00000007c0000000)
  eden space 46080K, 0% used [0x00000007bc000000,0x00000007bc000000,0x00000007bed00000)
  from space 9728K, 61% used [0x00000007bf680000,0x00000007bfc632e0,0x00000007c0000000)
  to   space 9728K, 0% used [0x00000007bed00000,0x00000007bed00000,0x00000007bf680000)
 ParOldGen       total 458752K, used 17477K [0x0000000455000000, 0x0000000471000000, 0x00000007bc000000)
  object space 458752K, 3% used [0x0000000455000000,0x0000000456111790,0x0000000471000000)
 Metaspace       used 24480K, capacity 24677K, committed 24960K, reserved 1071104K
  class space    used 3038K, capacity 3114K, committed 3200K, reserved 1048576K
}
Event: 5.606 GC heap before
{Heap before GC invocations=26 (full 1):
 PSYoungGen      total 55808K, used 52108K [0x00000007bc000000, 0x00000007c0000000, 0x00000007c0000000)
  eden space 46080K, 100% used [0x00000007bc000000,0x00000007bed00000,0x00000007bed00000)
  from space 9728K, 61% used [0x00000007bf680000,0x00000007bfc632e0,0x00000007c0000000)
  to   space 9728K, 0% used [0x00000007bed00000,0x00000007bed00000,0x00000007bf680000)
 ParOldGen       total 458752K, used 17477K [0x0000000455000000, 0x0000000471000000, 0x00000007bc000000)
  object space 458752K, 3% used [0x0000000455000000,0x0000000456111790,0x0000000471000000)
 Metaspace       used 25459K, capacity 25681K, committed 26112K, reserved 1073152K
  class space    used 3135K, capacity 3212K, committed 3328K, reserved 1048576K
Event: 5.608 GC heap after
Heap after GC invocations=26 (full 1):
 PSYoungGen      total 55808K, used 5679K [0x00000007bc000000, 0x00000007c0000000, 0x00000007c0000000)
  eden space 46080K, 0% used [0x00000007bc000000,0x00000007bc000000,0x00000007bed00000)
  from space 9728K, 58% used [0x00000007bed00000,0x00000007bf28bf48,0x00000007bf680000)
  to   space 9728K, 0% used [0x00000007bf680000,0x00000007bf680000,0x00000007c0000000)
 ParOldGen       total 458752K, used 17774K [0x0000000455000000, 0x0000000471000000, 0x00000007bc000000)
  object space 458752K, 3% used [0x0000000455000000,0x000000045615b858,0x0000000471000000)
 Metaspace       used 25459K, capacity 25681K, committed 26112K, reserved 1073152K
  class space    used 3135K, capacity 3212K, committed 3328K, reserved 1048576K
}
Event: 5.662 GC heap before
{Heap before GC invocations=27 (full 1):
 PSYoungGen      total 55808K, used 51759K [0x00000007bc000000, 0x00000007c0000000, 0x00000007c0000000)
  eden space 46080K, 100% used [0x00000007bc000000,0x00000007bed00000,0x00000007bed00000)
  from space 9728K, 58% used [0x00000007bed00000,0x00000007bf28bf48,0x00000007bf680000)
  to   space 9728K, 0% used [0x00000007bf680000,0x00000007bf680000,0x00000007c0000000)
 ParOldGen       total 458752K, used 17774K [0x0000000455000000, 0x0000000471000000, 0x00000007bc000000)
  object space 458752K, 3% used [0x0000000455000000,0x000000045615b858,0x0000000471000000)
 Metaspace       used 25459K, capacity 25681K, committed 26112K, reserved 1073152K
  class space    used 3135K, capacity 3212K, committed 3328K, reserved 1048576K
Event: 5.665 GC heap after
Heap after GC invocations=27 (full 1):
 PSYoungGen      total 55808K, used 7026K [0x00000007bc000000, 0x00000007c0000000, 0x00000007c0000000)
  eden space 46080K, 0% used [0x00000007bc000000,0x00000007bc000000,0x00000007bed00000)
  from space 9728K, 72% used [0x00000007bf680000,0x00000007bfd5ca78,0x00000007c0000000)
  to   space 9728K, 0% used [0x00000007bed00000,0x00000007bed00000,0x00000007bf680000)
 ParOldGen       total 458752K, used 18277K [0x0000000455000000, 0x0000000471000000, 0x00000007bc000000)
  object space 458752K, 3% used [0x0000000455000000,0x00000004561d9470,0x0000000471000000)
 Metaspace       used 25459K, capacity 25681K, committed 26112K, reserved 1073152K
  class space    used 3135K, capacity 3212K, committed 3328K, reserved 1048576K
}
Event: 11.477 GC heap before
{Heap before GC invocations=28 (full 1):
 PSYoungGen      total 55808K, used 53106K [0x00000007bc000000, 0x00000007c0000000, 0x00000007c0000000)
  eden space 46080K, 100% used [0x00000007bc000000,0x00000007bed00000,0x00000007bed00000)
  from space 9728K, 72% used [0x00000007bf680000,0x00000007bfd5ca78,0x00000007c0000000)
  to   space 9728K, 0% used [0x00000007bed00000,0x00000007bed00000,0x00000007bf680000)
 ParOldGen       total 458752K, used 18277K [0x0000000455000000, 0x0000000471000000, 0x00000007bc000000)
  object space 458752K, 3% used [0x0000000455000000,0x00000004561d9470,0x0000000471000000)
 Metaspace       used 26262K, capacity 26513K, committed 26752K, reserved 1073152K
  class space    used 3217K, capacity 3340K, committed 3456K, reserved 1048576K
Event: 11.479 GC heap after
Heap after GC invocations=28 (full 1):
 PSYoungGen      total 55808K, used 5261K [0x00000007bc000000, 0x00000007c0000000, 0x00000007c0000000)
  eden space 46080K, 0% used [0x00000007bc000000,0x00000007bc000000,0x00000007bed00000)
  from space 9728K, 54% used [0x00000007bed00000,0x00000007bf223460,0x00000007bf680000)
  to   space 9728K, 0% used [0x00000007bf680000,0x00000007bf680000,0x00000007c0000000)
 ParOldGen       total 458752K, used 18581K [0x0000000455000000, 0x0000000471000000, 0x00000007bc000000)
  object space 458752K, 4% used [0x0000000455000000,0x0000000456225470,0x0000000471000000)
 Metaspace       used 26262K, capacity 26513K, committed 26752K, reserved 1073152K
  class space    used 3217K, capacity 3340K, committed 3456K, reserved 1048576K
}
Event: 11.509 GC heap before
{Heap before GC invocations=29 (full 1):
 PSYoungGen      total 55808K, used 51341K [0x00000007bc000000, 0x00000007c0000000, 0x00000007c0000000)
  eden space 46080K, 100% used [0x00000007bc000000,0x00000007bed00000,0x00000007bed00000)
  from space 9728K, 54% used [0x00000007bed00000,0x00000007bf223460,0x00000007bf680000)
  to   space 9728K, 0% used [0x00000007bf680000,0x00000007bf680000,0x00000007c0000000)
 ParOldGen       total 458752K, used 18581K [0x0000000455000000, 0x0000000471000000, 0x00000007bc000000)
  object space 458752K, 4% used [0x0000000455000000,0x0000000456225470,0x0000000471000000)
 Metaspace       used 26342K, capacity 26577K, committed 27008K, reserved 1073152K
  class space    used 3225K, capacity 3340K, committed 3456K, reserved 1048576K
Event: 11.510 GC heap after
Heap after GC invocations=29 (full 1):
 PSYoungGen      total 54784K, used 824K [0x00000007bc000000, 0x00000007c0000000, 0x00000007c0000000)
  eden space 45056K, 0% used [0x00000007bc000000,0x00000007bc000000,0x00000007bec00000)
  from space 9728K, 8% used [0x00000007bf680000,0x00000007bf74e200,0x00000007c0000000)
  to   space 10240K, 0% used [0x00000007bec00000,0x00000007bec00000,0x00000007bf600000)
 ParOldGen       total 458752K, used 18869K [0x0000000455000000, 0x0000000471000000, 0x00000007bc000000)
  object space 458752K, 4% used [0x0000000455000000,0x000000045626d470,0x0000000471000000)
 Metaspace       used 26342K, capacity 26577K, committed 27008K, reserved 1073152K
  class space    used 3225K, capacity 3340K, committed 3456K, reserved 1048576K
}

