# JRE version: Java(TM) SE Runtime Environment (8.0_172-b11) (build 1.8.0_172-b11)
# Java VM: Java HotSpot(TM) 64-Bit Server VM (25.172-b11 mixed mode windows-amd64 compressed oops)
Heap:
 PSYoungGen      total 54272K, used 14315K [0x00000007bc000000, 0x00000007c0000000, 0x00000007c0000000)
  eden space 45056K, 29% used [0x00000007bc000000,0x00000007bcd1cbb0,0x00000007bec00000)
  from space 9216K, 9% used [0x00000007bf700000,0x00000007bf7de200,0x00000007c0000000)
  to   space 10240K, 0% used [0x00000007bec00000,0x00000007bec00000,0x00000007bf600000)
 ParOldGen       total 458752K, used 19149K [0x0000000455000000, 0x0000000471000000, 0x00000007bc000000)
  object space 458752K, 4% used [0x0000000455000000,0x00000004562b37d8,0x0000000471000000)
 Metaspace       used 26602K, capacity 26865K, committed 27264K, reserved 1073152K
  class space    used 3258K, capacity 3372K, committed 3456K, reserved 1048576K
GC Heap History (10 events):
Event: 4.864 GC heap before
{Heap before GC invocations=25 (full 1):
 PSYoungGen      total 55808K, used 53516K [0x00000007bc000000, 0x00000007c0000000, 0x00000007c0000000)
  eden space 46080K, 100% used [0x00000007bc000000,0x00000007bed00000,0x00000007bed00000)
  from space 9728K, 76% used [0x00000007bed00000,0x00000007bf443050,0x00000007bf680000)
  to   space 9728K, 0% used [0x00000007bf680000,0x00000007bf680000,0x00000007c0000000)
 ParOldGen       total 458752K, used 17369K [0x0000000455000000, 0x0000000471000000, 0x00000007bc000000)
  object space 458752K, 3% used [0x0000000455000000,0x00000004560f6630,0x0000000471000000)
 Metaspace       used 24460K, capacity 24677K, committed 24960K, reserved 1071104K
  class space    used 3035K, capacity 3114K, committed 3200K, reserved 1048576K
Event: 4.866 GC heap after
Heap after GC invocations=25 (full 1):
 PSYoungGen      total 55808K, used 6030K [0x00000007bc000000, 0x00000007c0000000, 0x00000007c0000000)
  eden space 46080K, 0% used [0x00000007bc000000,0x00000007bc000000,0x00000007bed00000)
  from space 9728K, 61% used [0x00000007bf680000,0x00000007bfc63a48,0x00000007c0000000)
  to   space 9728K, 0% used [0x00000007bed00000,0x00000007bed00000,0x00000007bf680000)
 ParOldGen       total 458752K, used 17706K [0x0000000455000000, 0x0000000471000000, 0x00000007bc000000)
  object space 458752K, 3% used [0x0000000455000000,0x000000045614a888,0x0000000471000000)
 Metaspace       used 24460K, capacity 24677K, committed 24960K, reserved 1071104K
  class space    used 3035K, capacity 3114K, committed 3200K, reserved 1048576K
}
Event: 5.607 GC heap before
{Heap before GC invocations=26 (full 1):
 PSYoungGen      total 55808K, used 52110K [0x00000007bc000000, 0x00000007c0000000, 0x00000007c0000000)
  eden space 46080K, 100% used [0x00000007bc000000,0x00000007bed00000,0x00000007bed00000)
  from space 9728K, 61% used [0x00000007bf680000,0x00000007bfc63a48,0x00000007c0000000)
  to   space 9728K, 0% used [0x00000007bed00000,0x00000007bed00000,0x00000007bf680000)
 ParOldGen       total 458752K, used 17706K [0x0000000455000000, 0x0000000471000000, 0x00000007bc000000)
  object space 458752K, 3% used [0x0000000455000000,0x000000045614a888,0x0000000471000000)
 Metaspace       used 25461K, capacity 25681K, committed 26112K, reserved 1073152K
  class space    used 3135K, capacity 3212K, committed 3328K, reserved 1048576K
Event: 5.609 GC heap after
Heap after GC invocations=26 (full 1):
 PSYoungGen      total 55808K, used 5775K [0x00000007bc000000, 0x00000007c0000000, 0x00000007c0000000)
  eden space 46080K, 0% used [0x00000007bc000000,0x00000007bc000000,0x00000007bed00000)
  from space 9728K, 59% used [0x00000007bed00000,0x00000007bf2a3c78,0x00000007bf680000)
  to   space 9728K, 0% used [0x00000007bf680000,0x00000007bf680000,0x00000007c0000000)
 ParOldGen       total 458752K, used 18002K [0x0000000455000000, 0x0000000471000000, 0x00000007bc000000)
  object space 458752K, 3% used [0x0000000455000000,0x0000000456194888,0x0000000471000000)
 Metaspace       used 25461K, capacity 25681K, committed 26112K, reserved 1073152K
  class space    used 3135K, capacity 3212K, committed 3328K, reserved 1048576K
}
Event: 5.664 GC heap before
{Heap before GC invocations=27 (full 1):
 PSYoungGen      total 55808K, used 51855K [0x00000007bc000000, 0x00000007c0000000, 0x00000007c0000000)
  eden space 46080K, 100% used [0x00000007bc000000,0x00000007bed00000,0x00000007bed00000)
  from space 9728K, 59% used [0x00000007bed00000,0x00000007bf2a3c78,0x00000007bf680000)
  to   space 9728K, 0% used [0x00000007bf680000,0x00000007bf680000,0x00000007c0000000)
 ParOldGen       total 458752K, used 18002K [0x0000000455000000, 0x0000000471000000, 0x00000007bc000000)
  object space 458752K, 3% used [0x0000000455000000,0x0000000456194888,0x0000000471000000)
 Metaspace       used 25461K, capacity 25681K, committed 26112K, reserved 1073152K
  class space    used 3135K, capacity 3212K, committed 3328K, reserved 1048576K
Event: 5.667 GC heap after
Heap after GC invocations=27 (full 1):
 PSYoungGen      total 56320K, used 7017K [0x00000007bc000000, 0x00000007c0000000, 0x00000007c0000000)
  eden space 46592K, 0% used [0x00000007bc000000,0x00000007bc000000,0x00000007bed80000)
  from space 9728K, 72% used [0x00000007bf680000,0x00000007bfd5a788,0x00000007c0000000)
  to   space 9216K, 0% used [0x00000007bed80000,0x00000007bed80000,0x00000007bf680000)
 ParOldGen       total 458752K, used 18541K [0x0000000455000000, 0x0000000471000000, 0x00000007bc000000)
  object space 458752K, 4% used [0x0000000455000000,0x000000045621b7d8,0x0000000471000000)
 Metaspace       used 25461K, capacity 25681K, committed 26112K, reserved 1073152K
  class space    used 3135K, capacity 3212K, committed 3328K, reserved 1048576K
}
Event: 11.524 GC heap before
{Heap before GC invocations=28 (full 1):
 PSYoungGen      total 56320K, used 53609K [0x00000007bc000000, 0x00000007c0000000, 0x00000007c0000000)
  eden space 46592K, 100% used [0x00000007bc000000,0x00000007bed80000,0x00000007bed80000)
  from space 9728K, 72% used [0x00000007bf680000,0x00000007bfd5a788,0x00000007c0000000)
  to   space 9216K, 0% used [0x00000007bed80000,0x00000007bed80000,0x00000007bf680000)
 ParOldGen       total 458752K, used 18541K [0x0000000455000000, 0x0000000471000000, 0x00000007bc000000)
  object space 458752K, 4% used [0x0000000455000000,0x000000045621b7d8,0x0000000471000000)
 Metaspace       used 26263K, capacity 26513K, committed 26752K, reserved 1073152K
  class space    used 3217K, capacity 3340K, committed 3456K, reserved 1048576K
Event: 11.526 GC heap after
Heap after GC invocations=28 (full 1):
 PSYoungGen      total 55808K, used 5225K [0x00000007bc000000, 0x00000007c0000000, 0x00000007c0000000)
  eden space 46592K, 0% used [0x00000007bc000000,0x00000007bc000000,0x00000007bed80000)
  from space 9216K, 56% used [0x00000007bed80000,0x00000007bf29a458,0x00000007bf680000)
  to   space 9216K, 0% used [0x00000007bf700000,0x00000007bf700000,0x00000007c0000000)
 ParOldGen       total 458752K, used 18861K [0x0000000455000000, 0x0000000471000000, 0x00000007bc000000)
  object space 458752K, 4% used [0x0000000455000000,0x000000045626b7d8,0x0000000471000000)
 Metaspace       used 26263K, capacity 26513K, committed 26752K, reserved 1073152K
  class space    used 3217K, capacity 3340K, committed 3456K, reserved 1048576K
}
Event: 11.563 GC heap before
{Heap before GC invocations=29 (full 1):
 PSYoungGen      total 55808K, used 51817K [0x00000007bc000000, 0x00000007c0000000, 0x00000007c0000000)
  eden space 46592K, 100% used [0x00000007bc000000,0x00000007bed80000,0x00000007bed80000)
  from space 9216K, 56% used [0x00000007bed80000,0x00000007bf29a458,0x00000007bf680000)
  to   space 9216K, 0% used [0x00000007bf700000,0x00000007bf700000,0x00000007c0000000)
 ParOldGen       total 458752K, used 18861K [0x0000000455000000, 0x0000000471000000, 0x00000007bc000000)
  object space 458752K, 4% used [0x0000000455000000,0x000000045626b7d8,0x0000000471000000)
 Metaspace       used 26352K, capacity 26641K, committed 27008K, reserved 1073152K
  class space    used 3227K, capacity 3340K, committed 3456K, reserved 1048576K
Event: 11.565 GC heap after
Heap after GC invocations=29 (full 1):
 PSYoungGen      total 54272K, used 888K [0x00000007bc000000, 0x00000007c0000000, 0x00000007c0000000)
  eden space 45056K, 0% used [0x00000007bc000000,0x00000007bc000000,0x00000007bec00000)
  from space 9216K, 9% used [0x00000007bf700000,0x00000007bf7de200,0x00000007c0000000)
  to   space 10240K, 0% used [0x00000007bec00000,0x00000007bec00000,0x00000007bf600000)
 ParOldGen       total 458752K, used 19149K [0x0000000455000000, 0x0000000471000000, 0x00000007bc000000)
  object space 458752K, 4% used [0x0000000455000000,0x00000004562b37d8,0x0000000471000000)
 Metaspace       used 26352K, capacity 26641K, committed 27008K, reserved 1073152K
  class space    used 3227K, capacity 3340K, committed 3456K, reserved 1048576K
}

